2026-03-01T19:46:32.877219Z  INFO ralph_core::event_loop: Memory injection check: enabled=true, inject=Auto, workspace_root="/Users/adne.skjelbreid.djuve/Documents/Codeprojects/chatbase"
2026-03-01T19:46:32.877264Z  INFO ralph_core::event_loop: Looking for memories at: "/Users/adne.skjelbreid.djuve/Documents/Codeprojects/chatbase/.ralph/agent/memories.md" (exists: true)
2026-03-01T19:46:32.878060Z  INFO ralph_core::event_loop: Successfully loaded 14 memories from store
2026-03-01T19:46:32.878087Z  INFO ralph_core::event_loop: Injecting 14 memories (3111 chars) into prompt
2026-03-01T19:46:32.878245Z  INFO ralph_core::event_loop: Injecting ready tasks (0 ready, 0 open, 36 closed) into prompt
2026-03-01T19:54:54.621224Z  INFO ralph_core::event_loop: Memory injection check: enabled=true, inject=Auto, workspace_root="/Users/adne.skjelbreid.djuve/Documents/Codeprojects/chatbase"
2026-03-01T19:54:54.621267Z  INFO ralph_core::event_loop: Looking for memories at: "/Users/adne.skjelbreid.djuve/Documents/Codeprojects/chatbase/.ralph/agent/memories.md" (exists: true)
2026-03-01T19:54:54.621527Z  INFO ralph_core::event_loop: Successfully loaded 15 memories from store
2026-03-01T19:54:54.621550Z  INFO ralph_core::event_loop: Injecting 15 memories (3526 chars) into prompt
2026-03-01T19:54:54.621708Z  INFO ralph_core::event_loop: Injecting scratchpad (3579 chars) into prompt
2026-03-01T19:54:54.621918Z  INFO ralph_core::event_loop: Injecting ready tasks (0 ready, 0 open, 37 closed) into prompt
2026-03-01T20:01:06.389023Z  INFO ralph_core::event_loop: Memory injection check: enabled=true, inject=Auto, workspace_root="/Users/adne.skjelbreid.djuve/Documents/Codeprojects/chatbase"
2026-03-01T20:01:06.389047Z  INFO ralph_core::event_loop: Looking for memories at: "/Users/adne.skjelbreid.djuve/Documents/Codeprojects/chatbase/.ralph/agent/memories.md" (exists: true)
2026-03-01T20:01:06.389265Z  INFO ralph_core::event_loop: Successfully loaded 16 memories from store
2026-03-01T20:01:06.389279Z  INFO ralph_core::event_loop: Injecting 16 memories (3846 chars) into prompt
2026-03-01T20:01:06.389392Z  INFO ralph_core::event_loop: Injecting scratchpad (4690 chars) into prompt
2026-03-01T20:01:06.389544Z  INFO ralph_core::event_loop: Injecting ready tasks (3 ready, 3 open, 38 closed) into prompt
2026-03-01T20:15:36.967227Z  INFO ralph_core::event_loop: Memory injection check: enabled=true, inject=Auto, workspace_root="/Users/adne.skjelbreid.djuve/Documents/Codeprojects/chatbase"
2026-03-01T20:15:36.967271Z  INFO ralph_core::event_loop: Looking for memories at: "/Users/adne.skjelbreid.djuve/Documents/Codeprojects/chatbase/.ralph/agent/memories.md" (exists: true)
2026-03-01T20:15:36.972644Z  INFO ralph_core::event_loop: Successfully loaded 16 memories from store
2026-03-01T20:15:36.972678Z  INFO ralph_core::event_loop: Injecting 16 memories (3846 chars) into prompt
2026-03-01T20:15:36.975490Z  INFO ralph_core::event_loop: Injecting scratchpad (4690 chars) into prompt
2026-03-01T20:15:36.976264Z  INFO ralph_core::event_loop: Injecting ready tasks (3 ready, 3 open, 38 closed) into prompt
2026-03-01T20:23:26.577922Z  INFO ralph_core::event_loop: Memory injection check: enabled=true, inject=Auto, workspace_root="/Users/adne.skjelbreid.djuve/Documents/Codeprojects/chatbase"
2026-03-01T20:23:26.577954Z  INFO ralph_core::event_loop: Looking for memories at: "/Users/adne.skjelbreid.djuve/Documents/Codeprojects/chatbase/.ralph/agent/memories.md" (exists: true)
2026-03-01T20:23:26.578689Z  INFO ralph_core::event_loop: Successfully loaded 17 memories from store
2026-03-01T20:23:26.578707Z  INFO ralph_core::event_loop: Injecting 17 memories (4263 chars) into prompt
2026-03-01T20:23:26.579017Z  INFO ralph_core::event_loop: Injecting scratchpad (6441 chars) into prompt
2026-03-01T20:23:26.579297Z  INFO ralph_core::event_loop: Injecting ready tasks (1 ready, 1 open, 40 closed) into prompt
2026-03-01T20:31:06.095398Z  INFO ralph_core::event_loop: Memory injection check: enabled=true, inject=Auto, workspace_root="/Users/adne.skjelbreid.djuve/Documents/Codeprojects/chatbase"
2026-03-01T20:31:06.095472Z  INFO ralph_core::event_loop: Looking for memories at: "/Users/adne.skjelbreid.djuve/Documents/Codeprojects/chatbase/.ralph/agent/memories.md" (exists: true)
2026-03-01T20:31:06.096009Z  INFO ralph_core::event_loop: Successfully loaded 18 memories from store
2026-03-01T20:31:06.096034Z  INFO ralph_core::event_loop: Injecting 18 memories (4672 chars) into prompt
2026-03-01T20:31:06.096393Z  INFO ralph_core::event_loop: Injecting scratchpad (8114 chars) into prompt
2026-03-01T20:31:06.096797Z  INFO ralph_core::event_loop: Injecting ready tasks (0 ready, 0 open, 41 closed) into prompt
2026-03-01T20:33:53.970767Z  INFO ralph_core::event_loop: Completion event detected in JSONL topic=LOOP_COMPLETE
2026-03-01T20:33:53.971344Z  INFO ralph_core::event_loop: Completion event detected - terminating
2026-03-01T20:33:53.971361Z  INFO ralph::loop_runner: Completion event LOOP_COMPLETE detected.
2026-03-01T20:33:53.971373Z  INFO ralph_core::event_loop: Wrapping up: completed. 6 iterations in 47m 21s. reason=completed iterations=6 duration=47m 21s
2026-03-01T20:33:53.991373Z  INFO ralph_core::landing: Beginning landing sequence loop_id=primary
