2026-02-21T11:41:09.561497Z  INFO ralph_core::event_loop: Memory injection check: enabled=true, inject=Auto, workspace_root="/Users/adne.skjelbreid.djuve/Documents/Codeprojects/chatbase"
2026-02-21T11:41:09.561573Z  INFO ralph_core::event_loop: Looking for memories at: "/Users/adne.skjelbreid.djuve/Documents/Codeprojects/chatbase/.ralph/agent/memories.md" (exists: true)
2026-02-21T11:41:09.562860Z  INFO ralph_core::event_loop: Successfully loaded 11 memories from store
2026-02-21T11:41:09.562875Z  INFO ralph_core::event_loop: Injecting 11 memories (2428 chars) into prompt
2026-02-21T11:41:09.563334Z  INFO ralph_core::event_loop: Injecting ready tasks (2 ready, 2 open, 7 closed) into prompt
2026-02-21T11:43:55.819436Z  WARN ralph_core::event_loop: build.done rejected: backpressure checks failed tests=false lint=false typecheck=false audit=false coverage=false duplication=false
2026-02-21T11:43:55.819614Z  INFO ralph_core::event_loop: Memory injection check: enabled=true, inject=Auto, workspace_root="/Users/adne.skjelbreid.djuve/Documents/Codeprojects/chatbase"
2026-02-21T11:43:55.819625Z  INFO ralph_core::event_loop: Looking for memories at: "/Users/adne.skjelbreid.djuve/Documents/Codeprojects/chatbase/.ralph/agent/memories.md" (exists: true)
2026-02-21T11:43:55.820099Z  INFO ralph_core::event_loop: Successfully loaded 13 memories from store
2026-02-21T11:43:55.820111Z  INFO ralph_core::event_loop: Injecting 13 memories (2919 chars) into prompt
2026-02-21T11:43:55.820288Z  INFO ralph_core::event_loop: Injecting scratchpad (409 chars) into prompt
2026-02-21T11:43:55.820479Z  INFO ralph_core::event_loop: Injecting ready tasks (3 ready, 3 open, 9 closed) into prompt
2026-02-21T11:44:22.126877Z  INFO ralph_core::event_loop: Memory injection check: enabled=true, inject=Auto, workspace_root="/Users/adne.skjelbreid.djuve/Documents/Codeprojects/chatbase"
2026-02-21T11:44:22.126909Z  INFO ralph_core::event_loop: Looking for memories at: "/Users/adne.skjelbreid.djuve/Documents/Codeprojects/chatbase/.ralph/agent/memories.md" (exists: true)
2026-02-21T11:44:22.127021Z  INFO ralph_core::event_loop: Successfully loaded 13 memories from store
2026-02-21T11:44:22.127035Z  INFO ralph_core::event_loop: Injecting 13 memories (2919 chars) into prompt
2026-02-21T11:44:22.127067Z  INFO ralph_core::event_loop: Injecting scratchpad (409 chars) into prompt
2026-02-21T11:44:22.127143Z  INFO ralph_core::event_loop: Injecting ready tasks (3 ready, 3 open, 9 closed) into prompt
2026-02-21T11:45:11.627279Z  INFO ralph_core::event_loop: Memory injection check: enabled=true, inject=Auto, workspace_root="/Users/adne.skjelbreid.djuve/Documents/Codeprojects/chatbase"
2026-02-21T11:45:11.627309Z  INFO ralph_core::event_loop: Looking for memories at: "/Users/adne.skjelbreid.djuve/Documents/Codeprojects/chatbase/.ralph/agent/memories.md" (exists: true)
2026-02-21T11:45:11.627628Z  INFO ralph_core::event_loop: Successfully loaded 13 memories from store
2026-02-21T11:45:11.627645Z  INFO ralph_core::event_loop: Injecting 13 memories (2919 chars) into prompt
2026-02-21T11:45:11.627833Z  INFO ralph_core::event_loop: Injecting scratchpad (409 chars) into prompt
2026-02-21T11:45:11.628055Z  INFO ralph_core::event_loop: Injecting ready tasks (3 ready, 3 open, 9 closed) into prompt
2026-02-21T11:46:25.365168Z  INFO ralph_core::event_loop: Memory injection check: enabled=true, inject=Auto, workspace_root="/Users/adne.skjelbreid.djuve/Documents/Codeprojects/chatbase"
2026-02-21T11:46:25.365208Z  INFO ralph_core::event_loop: Looking for memories at: "/Users/adne.skjelbreid.djuve/Documents/Codeprojects/chatbase/.ralph/agent/memories.md" (exists: true)
2026-02-21T11:46:25.365586Z  INFO ralph_core::event_loop: Successfully loaded 13 memories from store
2026-02-21T11:46:25.365609Z  INFO ralph_core::event_loop: Injecting 13 memories (2919 chars) into prompt
2026-02-21T11:46:25.367531Z  INFO ralph_core::event_loop: Injecting scratchpad (564 chars) into prompt
2026-02-21T11:46:25.367767Z  INFO ralph_core::event_loop: Injecting ready tasks (3 ready, 3 open, 9 closed) into prompt
2026-02-21T11:47:38.842190Z  INFO ralph_core::event_loop: Memory injection check: enabled=true, inject=Auto, workspace_root="/Users/adne.skjelbreid.djuve/Documents/Codeprojects/chatbase"
2026-02-21T11:47:38.842225Z  INFO ralph_core::event_loop: Looking for memories at: "/Users/adne.skjelbreid.djuve/Documents/Codeprojects/chatbase/.ralph/agent/memories.md" (exists: true)
2026-02-21T11:47:38.842574Z  INFO ralph_core::event_loop: Successfully loaded 13 memories from store
2026-02-21T11:47:38.842616Z  INFO ralph_core::event_loop: Injecting 13 memories (2919 chars) into prompt
2026-02-21T11:47:38.843083Z  INFO ralph_core::event_loop: Injecting scratchpad (717 chars) into prompt
2026-02-21T11:47:38.843367Z  INFO ralph_core::event_loop: Injecting ready tasks (3 ready, 3 open, 9 closed) into prompt
2026-02-21T11:49:11.881019Z  INFO ralph_core::event_loop: Memory injection check: enabled=true, inject=Auto, workspace_root="/Users/adne.skjelbreid.djuve/Documents/Codeprojects/chatbase"
2026-02-21T11:49:11.881048Z  INFO ralph_core::event_loop: Looking for memories at: "/Users/adne.skjelbreid.djuve/Documents/Codeprojects/chatbase/.ralph/agent/memories.md" (exists: true)
2026-02-21T11:49:11.881361Z  INFO ralph_core::event_loop: Successfully loaded 13 memories from store
2026-02-21T11:49:11.881386Z  INFO ralph_core::event_loop: Injecting 13 memories (2919 chars) into prompt
2026-02-21T11:49:11.882600Z  INFO ralph_core::event_loop: Injecting scratchpad (846 chars) into prompt
2026-02-21T11:49:11.882874Z  INFO ralph_core::event_loop: Injecting ready tasks (3 ready, 3 open, 9 closed) into prompt
2026-02-21T11:50:35.783097Z  INFO ralph_core::event_loop: Memory injection check: enabled=true, inject=Auto, workspace_root="/Users/adne.skjelbreid.djuve/Documents/Codeprojects/chatbase"
2026-02-21T11:50:35.783128Z  INFO ralph_core::event_loop: Looking for memories at: "/Users/adne.skjelbreid.djuve/Documents/Codeprojects/chatbase/.ralph/agent/memories.md" (exists: true)
2026-02-21T11:50:35.783456Z  INFO ralph_core::event_loop: Successfully loaded 13 memories from store
2026-02-21T11:50:35.783471Z  INFO ralph_core::event_loop: Injecting 13 memories (2919 chars) into prompt
2026-02-21T11:50:35.783709Z  INFO ralph_core::event_loop: Injecting scratchpad (963 chars) into prompt
2026-02-21T11:50:35.783941Z  INFO ralph_core::event_loop: Injecting ready tasks (3 ready, 3 open, 9 closed) into prompt
2026-02-21T11:51:21.433579Z  INFO ralph_core::event_loop: Memory injection check: enabled=true, inject=Auto, workspace_root="/Users/adne.skjelbreid.djuve/Documents/Codeprojects/chatbase"
2026-02-21T11:51:21.433609Z  INFO ralph_core::event_loop: Looking for memories at: "/Users/adne.skjelbreid.djuve/Documents/Codeprojects/chatbase/.ralph/agent/memories.md" (exists: true)
2026-02-21T11:51:21.433872Z  INFO ralph_core::event_loop: Successfully loaded 13 memories from store
2026-02-21T11:51:21.433888Z  INFO ralph_core::event_loop: Injecting 13 memories (2919 chars) into prompt
2026-02-21T11:51:21.434086Z  INFO ralph_core::event_loop: Injecting scratchpad (1145 chars) into prompt
2026-02-21T11:51:21.434267Z  INFO ralph_core::event_loop: Injecting ready tasks (2 ready, 2 open, 10 closed) into prompt
2026-02-21T11:51:46.458713Z  INFO ralph_core::event_loop: Memory injection check: enabled=true, inject=Auto, workspace_root="/Users/adne.skjelbreid.djuve/Documents/Codeprojects/chatbase"
2026-02-21T11:51:46.458817Z  INFO ralph_core::event_loop: Looking for memories at: "/Users/adne.skjelbreid.djuve/Documents/Codeprojects/chatbase/.ralph/agent/memories.md" (exists: true)
2026-02-21T11:51:46.459173Z  INFO ralph_core::event_loop: Successfully loaded 13 memories from store
2026-02-21T11:51:46.459216Z  INFO ralph_core::event_loop: Injecting 13 memories (2919 chars) into prompt
2026-02-21T11:51:46.459281Z  INFO ralph_core::event_loop: Injecting scratchpad (1145 chars) into prompt
2026-02-21T11:51:46.459571Z  INFO ralph_core::event_loop: Injecting ready tasks (2 ready, 2 open, 10 closed) into prompt
2026-02-21T11:52:08.838797Z  INFO ralph_core::event_loop: Memory injection check: enabled=true, inject=Auto, workspace_root="/Users/adne.skjelbreid.djuve/Documents/Codeprojects/chatbase"
2026-02-21T11:52:08.838828Z  INFO ralph_core::event_loop: Looking for memories at: "/Users/adne.skjelbreid.djuve/Documents/Codeprojects/chatbase/.ralph/agent/memories.md" (exists: true)
2026-02-21T11:52:08.838937Z  INFO ralph_core::event_loop: Successfully loaded 13 memories from store
2026-02-21T11:52:08.838948Z  INFO ralph_core::event_loop: Injecting 13 memories (2919 chars) into prompt
2026-02-21T11:52:08.838979Z  INFO ralph_core::event_loop: Injecting scratchpad (1145 chars) into prompt
2026-02-21T11:52:08.839051Z  INFO ralph_core::event_loop: Injecting ready tasks (2 ready, 2 open, 10 closed) into prompt
2026-02-21T11:52:52.823177Z  INFO ralph_tui::app: Ctrl+C detected, signaling main loop
